<?xml version="1.0" encoding="UTF-8"?>
<coverage generated="1751628591303" clover="3.2.0">
  <project timestamp="1751628591304" name="All files">
    <metrics statements="12" coveredstatements="12" conditionals="10" coveredconditionals="10" methods="4" coveredmethods="4" elements="26" coveredelements="26" complexity="0" loc="12" ncloc="12" packages="1" files="2" classes="2"/>
    <file name="Banner.jsx" path="C:\Users\MMI25138\OneDrive - OPEN\Documents\Perso\Openclassrooms\Projet_8\my-react-app\src\components\Banner.jsx">
      <metrics statements="2" coveredstatements="2" conditionals="0" coveredconditionals="0" methods="1" coveredmethods="1"/>
      <line num="5" count="1" type="stmt"/>
      <line num="6" count="1" type="stmt"/>
    </file>
    <file name="Gallery.jsx" path="C:\Users\MMI25138\OneDrive - OPEN\Documents\Perso\Openclassrooms\Projet_8\my-react-app\src\components\Gallery.jsx">
      <metrics statements="10" coveredstatements="10" conditionals="10" coveredconditionals="10" methods="3" coveredmethods="3"/>
      <line num="5" count="1" type="stmt"/>
      <line num="8" count="15" type="stmt"/>
      <line num="9" count="15" type="stmt"/>
      <line num="11" count="15" type="stmt"/>
      <line num="12" count="2" type="stmt"/>
      <line num="13" count="2" type="cond" truecount="2" falsecount="0"/>
      <line num="15" count="15" type="stmt"/>
      <line num="16" count="8" type="stmt"/>
      <line num="17" count="8" type="cond" truecount="2" falsecount="0"/>
      <line num="20" count="15" type="stmt"/>
    </file>
  </project>
</coverage>
