{"C:\\Users\\MMI25138\\OneDrive - OPEN\\Documents\\Perso\\Openclassrooms\\Projet_8\\my-react-app\\src\\components\\Banner.jsx": {"path":"C:\\Users\\MMI25138\\OneDrive - OPEN\\Documents\\Perso\\Openclassrooms\\Projet_8\\my-react-app\\src\\components\\Banner.jsx","statementMap":{"0":{"start":{"line":5,"column":15},"end":{"line":13,"column":1}},"1":{"start":{"line":6,"column":4},"end":{"line":12,"column":6}}},"fnMap":{"0":{"name":"(anonymous_0)","decl":{"start":{"line":5,"column":15},"end":{"line":5,"column":16}},"loc":{"start":{"line":5,"column":40},"end":{"line":13,"column":1}},"line":5}},"branchMap":{},"s":{"0":1,"1":2},"f":{"0":2},"b":{},"_coverageSchema":"1a1c01bbd47fc00a2c39e90264f33305004495a9","hash":"b3e0cdb6fc7e3b04c36cf9d42b34e5dacc40b199"}
,"C:\\Users\\MMI25138\\OneDrive - OPEN\\Documents\\Perso\\Openclassrooms\\Projet_8\\my-react-app\\src\\components\\Gallery.jsx": {"path":"C:\\Users\\MMI25138\\OneDrive - OPEN\\Documents\\Perso\\Openclassrooms\\Projet_8\\my-react-app\\src\\components\\Gallery.jsx","statementMap":{"0":{"start":{"line":5,"column":16},"end":{"line":38,"column":1}},"1":{"start":{"line":8,"column":30},"end":{"line":8,"column":41}},"2":{"start":{"line":9,"column":17},"end":{"line":9,"column":30}},"3":{"start":{"line":11,"column":22},"end":{"line":14,"column":5}},"4":{"start":{"line":12,"column":23},"end":{"line":12,"column":32}},"5":{"start":{"line":13,"column":8},"end":{"line":13,"column":54}},"6":{"start":{"line":15,"column":22},"end":{"line":18,"column":5}},"7":{"start":{"line":16,"column":23},"end":{"line":16,"column":32}},"8":{"start":{"line":17,"column":8},"end":{"line":17,"column":51}},"9":{"start":{"line":20,"column":4},"end":{"line":37,"column":6}}},"fnMap":{"0":{"name":"(anonymous_0)","decl":{"start":{"line":5,"column":16},"end":{"line":5,"column":17}},"loc":{"start":{"line":5,"column":43},"end":{"line":38,"column":1}},"line":5},"1":{"name":"(anonymous_1)","decl":{"start":{"line":11,"column":22},"end":{"line":11,"column":23}},"loc":{"start":{"line":11,"column":28},"end":{"line":14,"column":5}},"line":11},"2":{"name":"(anonymous_2)","decl":{"start":{"line":15,"column":22},"end":{"line":15,"column":23}},"loc":{"start":{"line":15,"column":28},"end":{"line":18,"column":5}},"line":15}},"branchMap":{"0":{"loc":{"start":{"line":13,"column":17},"end":{"line":13,"column":53}},"type":"cond-expr","locations":[{"start":{"line":13,"column":32},"end":{"line":13,"column":42}},{"start":{"line":13,"column":45},"end":{"line":13,"column":53}}],"line":13},"1":{"loc":{"start":{"line":17,"column":17},"end":{"line":17,"column":50}},"type":"cond-expr","locations":[{"start":{"line":17,"column":38},"end":{"line":17,"column":39}},{"start":{"line":17,"column":42},"end":{"line":17,"column":50}}],"line":17},"2":{"loc":{"start":{"line":22,"column":13},"end":{"line":26,"column":13}},"type":"binary-expr","locations":[{"start":{"line":22,"column":13},"end":{"line":22,"column":23}},{"start":{"line":23,"column":16},"end":{"line":25,"column":25}}],"line":22},"3":{"loc":{"start":{"line":31,"column":13},"end":{"line":35,"column":13}},"type":"binary-expr","locations":[{"start":{"line":31,"column":13},"end":{"line":31,"column":23}},{"start":{"line":32,"column":16},"end":{"line":34,"column":25}}],"line":31}},"s":{"0":1,"1":17,"2":17,"3":17,"4":2,"5":2,"6":17,"7":8,"8":8,"9":17},"f":{"0":17,"1":2,"2":8},"b":{"0":[1,1],"1":[2,6],"2":[17,16],"3":[17,16]},"_coverageSchema":"1a1c01bbd47fc00a2c39e90264f33305004495a9","hash":"93e332e77312bea74f8f282596a336dcd421e58d"}
}
