TN:
SF:src\components\Banner.jsx
FN:5,(anonymous_0)
FNF:1
FNH:1
FNDA:1,(anonymous_0)
DA:5,1
DA:6,1
LF:2
LH:2
BRF:0
BRH:0
end_of_record
TN:
SF:src\components\Gallery.jsx
FN:5,(anonymous_0)
FN:11,(anonymous_1)
FN:15,(anonymous_2)
FNF:3
FNH:3
FNDA:15,(anonymous_0)
FNDA:2,(anonymous_1)
FNDA:8,(anonymous_2)
DA:5,1
DA:8,15
DA:9,15
DA:11,15
DA:12,2
DA:13,2
DA:15,15
DA:16,8
DA:17,8
DA:20,15
LF:10
LH:10
BRDA:13,0,0,1
BRDA:13,0,1,1
BRDA:17,1,0,2
BRDA:17,1,1,6
BRDA:22,2,0,15
BRDA:22,2,1,15
BRDA:30,3,0,15
BRDA:30,3,1,15
BRDA:34,4,0,15
BRDA:34,4,1,15
BRF:10
BRH:10
end_of_record
