TN:
SF:src\components\Banner.jsx
FN:5,(anonymous_0)
FNF:1
FNH:1
FNDA:2,(anonymous_0)
DA:5,1
DA:6,2
LF:2
LH:2
BRF:0
BRH:0
end_of_record
TN:
SF:src\components\Gallery.jsx
FN:5,(anonymous_0)
FN:11,(anonymous_1)
FN:15,(anonymous_2)
FNF:3
FNH:3
FNDA:17,(anonymous_0)
FNDA:2,(anonymous_1)
FNDA:8,(anonymous_2)
DA:5,1
DA:8,17
DA:9,17
DA:11,17
DA:12,2
DA:13,2
DA:15,17
DA:16,8
DA:17,8
DA:20,17
LF:10
LH:10
BRDA:13,0,0,1
BRDA:13,0,1,1
BRDA:17,1,0,2
BRDA:17,1,1,6
BRDA:22,2,0,17
BRDA:22,2,1,16
BRDA:31,3,0,17
BRDA:31,3,1,16
BRF:8
BRH:8
end_of_record
